<?xml version="1.0" encoding="UTF-8"?>
<!-- Generated by org.testng.reporters.JUnitReportReporter -->
<testsuite hostname="DESKTOP-Q83HANS" failures="0" tests="3" name="com.test.LaunchBrowser" time="512.486" errors="0" timestamp="2024-03-04T23:09:43 IST" skipped="0">
  <testcase classname="com.test.LaunchBrowser" name="launch_Test" time="16.115"/>
  <system-out/>
  <testcase classname="com.test.LaunchBrowser" name="Footer_all_Links_click" time="479.545"/>
  <system-out/>
  <testcase classname="com.test.LaunchBrowser" name="Image_on_Page" time="16.826"/>
  <system-out/>
</testsuite> <!-- com.test.LaunchBrowser -->
